!SESSION 2019-03-14 22:10:00.910 -----------------------------------------------
eclipse.buildId=4.9.0.I20180906-0745
java.version=1.8.0_201
java.vendor=Oracle Corporation
BootLoader constants: OS=win32, ARCH=x86_64, WS=win32, NL=fr_FR
Framework arguments:  -product org.eclipse.epp.package.jee.product
Command-line arguments:  -os win32 -ws win32 -arch x86_64 -product org.eclipse.epp.package.jee.product

This is a continuation of log file D:\OneDrive\Travail\ESIPE\JAVA\workspace\.metadata\.bak_0.log
Created Time: 2019-03-14 22:11:31.804

!ENTRY org.eclipse.m2e.logback.appender 2 0 2019-03-14 22:11:31.805
!MESSAGE Using platform encoding (Cp1252 actually) to copy filtered resources, i.e. build is platform dependent!

!ENTRY org.eclipse.m2e.logback.appender 2 0 2019-03-14 22:11:31.808
!MESSAGE Using platform encoding (Cp1252 actually) to copy filtered resources, i.e. build is platform dependent!

!ENTRY org.eclipse.m2e.logback.appender 2 0 2019-03-14 22:11:32.075
!MESSAGE Using platform encoding (Cp1252 actually) to copy filtered resources, i.e. build is platform dependent!

!ENTRY org.eclipse.m2e.logback.appender 2 0 2019-03-14 22:11:32.078
!MESSAGE Using platform encoding (Cp1252 actually) to copy filtered resources, i.e. build is platform dependent!

!ENTRY org.eclipse.m2e.logback.appender 2 0 2019-03-14 22:11:33.206
!MESSAGE Using platform encoding (Cp1252 actually) to copy filtered resources, i.e. build is platform dependent!

!ENTRY org.eclipse.m2e.logback.appender 2 0 2019-03-14 22:11:33.209
!MESSAGE Using platform encoding (Cp1252 actually) to copy filtered resources, i.e. build is platform dependent!

!ENTRY org.eclipse.m2e.logback.appender 2 0 2019-03-14 22:11:33.338
!MESSAGE Using platform encoding (Cp1252 actually) to copy filtered resources, i.e. build is platform dependent!

!ENTRY org.eclipse.m2e.logback.appender 2 0 2019-03-14 22:11:33.340
!MESSAGE Using platform encoding (Cp1252 actually) to copy filtered resources, i.e. build is platform dependent!

!ENTRY org.eclipse.m2e.logback.appender 2 0 2019-03-14 22:11:34.378
!MESSAGE Using platform encoding (Cp1252 actually) to copy filtered resources, i.e. build is platform dependent!

!ENTRY org.eclipse.m2e.logback.appender 2 0 2019-03-14 22:11:34.380
!MESSAGE Using platform encoding (Cp1252 actually) to copy filtered resources, i.e. build is platform dependent!

!ENTRY org.eclipse.m2e.logback.appender 2 0 2019-03-14 22:11:34.434
!MESSAGE Using platform encoding (Cp1252 actually) to copy filtered resources, i.e. build is platform dependent!

!ENTRY org.eclipse.m2e.logback.appender 2 0 2019-03-14 22:11:34.437
!MESSAGE Using platform encoding (Cp1252 actually) to copy filtered resources, i.e. build is platform dependent!

!ENTRY org.eclipse.m2e.logback.appender 4 0 2019-03-14 22:11:35.383
!MESSAGE Could not lookup required component
!STACK 1
org.eclipse.core.runtime.CoreException: Could not lookup required component
	at org.eclipse.m2e.core.internal.embedder.MavenImpl.lookup(MavenImpl.java:1272)
	at org.eclipse.m2e.core.internal.embedder.MavenImpl.isUnavailable(MavenImpl.java:829)
	at org.eclipse.m2e.jdt.internal.BuildPathManager.isUnavailable(BuildPathManager.java:347)
	at org.eclipse.m2e.jdt.internal.BuildPathManager.getAttachedSourcesAndJavadoc(BuildPathManager.java:894)
	at org.eclipse.m2e.jdt.internal.BuildPathManager.scheduleDownload(BuildPathManager.java:872)
	at org.eclipse.m2e.jdt.internal.BuildPathManager.configureAttachedSourcesAndJavadoc(BuildPathManager.java:339)
	at org.eclipse.m2e.jdt.internal.BuildPathManager.getClasspath(BuildPathManager.java:269)
	at org.eclipse.m2e.jdt.internal.BuildPathManager.getClasspath(BuildPathManager.java:384)
	at org.eclipse.m2e.jdt.internal.BuildPathManager.getClasspath(BuildPathManager.java:364)
	at org.eclipse.m2e.jdt.internal.BuildPathManager.getClasspath(BuildPathManager.java:392)
	at org.eclipse.m2e.jdt.internal.BuildPathManager.updateClasspath(BuildPathManager.java:205)
	at org.eclipse.m2e.jdt.internal.DownloadSourcesJob.run(DownloadSourcesJob.java:194)
	at org.eclipse.m2e.jdt.internal.DownloadSourcesJob$1.call(DownloadSourcesJob.java:137)
	at org.eclipse.m2e.jdt.internal.DownloadSourcesJob$1.call(DownloadSourcesJob.java:1)
	at org.eclipse.m2e.core.internal.embedder.MavenExecutionContext.executeBare(MavenExecutionContext.java:177)
	at org.eclipse.m2e.core.internal.embedder.MavenExecutionContext.execute(MavenExecutionContext.java:151)
	at org.eclipse.m2e.core.internal.embedder.MavenExecutionContext.execute(MavenExecutionContext.java:99)
	at org.eclipse.m2e.core.internal.embedder.MavenImpl.execute(MavenImpl.java:1355)
	at org.eclipse.m2e.jdt.internal.DownloadSourcesJob.run(DownloadSourcesJob.java:135)
	at org.eclipse.core.internal.jobs.Worker.run(Worker.java:63)
Caused by: org.codehaus.plexus.component.repository.exception.ComponentLookupException: java.util.NoSuchElementException
      role: org.apache.maven.repository.RepositorySystem
  roleHint: 
	at org.codehaus.plexus.DefaultPlexusContainer.lookup(DefaultPlexusContainer.java:267)
	at org.codehaus.plexus.DefaultPlexusContainer.lookup(DefaultPlexusContainer.java:255)
	at org.codehaus.plexus.DefaultPlexusContainer.lookup(DefaultPlexusContainer.java:249)
	at org.eclipse.m2e.core.internal.embedder.MavenImpl.lookup(MavenImpl.java:1270)
	... 19 more
Caused by: java.util.NoSuchElementException
	at java.util.Collections$EmptyIterator.next(Unknown Source)
	at org.codehaus.plexus.DefaultPlexusContainer.lookup(DefaultPlexusContainer.java:263)
	... 22 more
!SUBENTRY 1 org.eclipse.m2e.core 4 -1 2019-03-14 22:11:35.384
!MESSAGE Could not lookup required component
!STACK 0
org.codehaus.plexus.component.repository.exception.ComponentLookupException: java.util.NoSuchElementException
      role: org.apache.maven.repository.RepositorySystem
  roleHint: 
	at org.codehaus.plexus.DefaultPlexusContainer.lookup(DefaultPlexusContainer.java:267)
	at org.codehaus.plexus.DefaultPlexusContainer.lookup(DefaultPlexusContainer.java:255)
	at org.codehaus.plexus.DefaultPlexusContainer.lookup(DefaultPlexusContainer.java:249)
	at org.eclipse.m2e.core.internal.embedder.MavenImpl.lookup(MavenImpl.java:1270)
	at org.eclipse.m2e.core.internal.embedder.MavenImpl.isUnavailable(MavenImpl.java:829)
	at org.eclipse.m2e.jdt.internal.BuildPathManager.isUnavailable(BuildPathManager.java:347)
	at org.eclipse.m2e.jdt.internal.BuildPathManager.getAttachedSourcesAndJavadoc(BuildPathManager.java:894)
	at org.eclipse.m2e.jdt.internal.BuildPathManager.scheduleDownload(BuildPathManager.java:872)
	at org.eclipse.m2e.jdt.internal.BuildPathManager.configureAttachedSourcesAndJavadoc(BuildPathManager.java:339)
	at org.eclipse.m2e.jdt.internal.BuildPathManager.getClasspath(BuildPathManager.java:269)
	at org.eclipse.m2e.jdt.internal.BuildPathManager.getClasspath(BuildPathManager.java:384)
	at org.eclipse.m2e.jdt.internal.BuildPathManager.getClasspath(BuildPathManager.java:364)
	at org.eclipse.m2e.jdt.internal.BuildPathManager.getClasspath(BuildPathManager.java:392)
	at org.eclipse.m2e.jdt.internal.BuildPathManager.updateClasspath(BuildPathManager.java:205)
	at org.eclipse.m2e.jdt.internal.DownloadSourcesJob.run(DownloadSourcesJob.java:194)
	at org.eclipse.m2e.jdt.internal.DownloadSourcesJob$1.call(DownloadSourcesJob.java:137)
	at org.eclipse.m2e.jdt.internal.DownloadSourcesJob$1.call(DownloadSourcesJob.java:1)
	at org.eclipse.m2e.core.internal.embedder.MavenExecutionContext.executeBare(MavenExecutionContext.java:177)
	at org.eclipse.m2e.core.internal.embedder.MavenExecutionContext.execute(MavenExecutionContext.java:151)
	at org.eclipse.m2e.core.internal.embedder.MavenExecutionContext.execute(MavenExecutionContext.java:99)
	at org.eclipse.m2e.core.internal.embedder.MavenImpl.execute(MavenImpl.java:1355)
	at org.eclipse.m2e.jdt.internal.DownloadSourcesJob.run(DownloadSourcesJob.java:135)
	at org.eclipse.core.internal.jobs.Worker.run(Worker.java:63)
Caused by: java.util.NoSuchElementException
	at java.util.Collections$EmptyIterator.next(Unknown Source)
	at org.codehaus.plexus.DefaultPlexusContainer.lookup(DefaultPlexusContainer.java:263)
	... 22 more
!SESSION 2019-03-18 18:46:14.091 -----------------------------------------------
eclipse.buildId=4.9.0.I20180906-0745
java.version=1.8.0_201
java.vendor=Oracle Corporation
BootLoader constants: OS=win32, ARCH=x86_64, WS=win32, NL=fr_FR
Framework arguments:  -product org.eclipse.epp.package.jee.product
Command-line arguments:  -os win32 -ws win32 -arch x86_64 -product org.eclipse.epp.package.jee.product

!ENTRY org.eclipse.jface 2 0 2019-03-18 18:46:48.157
!MESSAGE Keybinding conflicts occurred.  They may interfere with normal accelerator operation.
!SUBENTRY 1 org.eclipse.jface 2 0 2019-03-18 18:46:48.157
!MESSAGE A conflict occurred for CTRL+SHIFT+T:
Binding(CTRL+SHIFT+T,
	ParameterizedCommand(Command(org.eclipse.jdt.ui.navigate.open.type,Open Type,
		Open a type in a Java editor,
		Category(org.eclipse.ui.category.navigate,Navigate,null,true),
		org.eclipse.ui.internal.WorkbenchHandlerServiceHandler@58cd6088,
		,,true),null),
	org.eclipse.ui.defaultAcceleratorConfiguration,
	org.eclipse.ui.contexts.window,,,system)
Binding(CTRL+SHIFT+T,
	ParameterizedCommand(Command(org.eclipse.lsp4e.symbolinworkspace,Go to Symbol in Workspace,
		,
		Category(org.eclipse.lsp4e.category,Language Servers,null,true),
		org.eclipse.ui.internal.WorkbenchHandlerServiceHandler@44a7661d,
		,,true),null),
	org.eclipse.ui.defaultAcceleratorConfiguration,
	org.eclipse.ui.contexts.window,,,system)

!ENTRY org.eclipse.egit.ui 2 0 2019-03-18 18:47:11.155
!MESSAGE Warning: The environment variable HOME is not set. The following directory will be used to store the Git
user global configuration and to define the default location to store repositories: 'C:\Users\jonat'. If this is
not correct please set the HOME environment variable and restart Eclipse. Otherwise Git for Windows and
EGit might behave differently since they see different configuration options.
This warning can be switched off on the Team > Git > Confirmations and Warnings preference page.

!ENTRY org.eclipse.m2e.logback.appender 2 0 2019-03-18 18:47:36.100
!MESSAGE Using platform encoding (Cp1252 actually) to copy filtered resources, i.e. build is platform dependent!

!ENTRY org.eclipse.m2e.logback.appender 2 0 2019-03-18 18:47:36.113
!MESSAGE Using platform encoding (Cp1252 actually) to copy filtered resources, i.e. build is platform dependent!

!ENTRY org.eclipse.m2e.logback.appender 2 0 2019-03-18 18:47:41.711
!MESSAGE Using platform encoding (Cp1252 actually) to copy filtered resources, i.e. build is platform dependent!

!ENTRY org.eclipse.m2e.logback.appender 2 0 2019-03-18 18:47:41.721
!MESSAGE Using platform encoding (Cp1252 actually) to copy filtered resources, i.e. build is platform dependent!

!ENTRY org.eclipse.m2e.logback.appender 2 0 2019-03-18 18:47:42.367
!MESSAGE Using platform encoding (Cp1252 actually) to copy filtered resources, i.e. build is platform dependent!

!ENTRY org.eclipse.m2e.logback.appender 2 0 2019-03-18 18:47:42.377
!MESSAGE Using platform encoding (Cp1252 actually) to copy filtered resources, i.e. build is platform dependent!

!ENTRY org.eclipse.m2e.logback.appender 2 0 2019-03-18 18:47:42.903
!MESSAGE Using platform encoding (Cp1252 actually) to copy filtered resources, i.e. build is platform dependent!

!ENTRY org.eclipse.m2e.logback.appender 2 0 2019-03-18 18:47:42.911
!MESSAGE Using platform encoding (Cp1252 actually) to copy filtered resources, i.e. build is platform dependent!

!ENTRY org.eclipse.m2e.logback.appender 2 0 2019-03-18 18:47:43.058
!MESSAGE Using platform encoding (Cp1252 actually) to copy filtered resources, i.e. build is platform dependent!

!ENTRY org.eclipse.m2e.logback.appender 2 0 2019-03-18 18:47:43.066
!MESSAGE Using platform encoding (Cp1252 actually) to copy filtered resources, i.e. build is platform dependent!

!ENTRY org.eclipse.m2e.logback.appender 2 0 2019-03-18 18:47:44.499
!MESSAGE Using platform encoding (Cp1252 actually) to copy filtered resources, i.e. build is platform dependent!

!ENTRY org.eclipse.m2e.logback.appender 2 0 2019-03-18 18:47:44.509
!MESSAGE Using platform encoding (Cp1252 actually) to copy filtered resources, i.e. build is platform dependent!
